ACTION START 600 0 START
ACTION QUERY 600 10 safety toxicologists role
ACTION SERP 600 15 EXAMINE_SERP
ACTION SNIPPET 600 18 SNIPPET_NOT_RELEVANT 151266688
ACTION SNIPPET 600 21 SNIPPET_NOT_RELEVANT 63021726
ACTION SNIPPET 600 24 SNIPPET_NOT_RELEVANT 36810921
ACTION SNIPPET 600 27 SNIPPET_RELEVANT 77260443
ACTION DOC 600 47 EXAMINING_DOCUMENT 77260443
ACTION SNIPPET 600 50 SNIPPET_NOT_RELEVANT 127955421
ACTION SNIPPET 600 53 SNIPPET_RELEVANT 160064768
ACTION DOC 600 73 EXAMINING_DOCUMENT 160064768
ACTION SNIPPET 600 76 SNIPPET_NOT_RELEVANT 15029308
ACTION SNIPPET 600 79 SNIPPET_RELEVANT 8163849
ACTION DOC 600 99 EXAMINING_DOCUMENT 8163849
ACTION SNIPPET 600 102 SNIPPET_NOT_RELEVANT 7794138
ACTION SNIPPET 600 105 SNIPPET_NOT_RELEVANT 43603952
ACTION SNIPPET 600 108 SNIPPET_NOT_RELEVANT 68744893
ACTION SNIPPET 600 111 SNIPPET_RELEVANT 69463310
ACTION DOC 600 131 EXAMINING_DOCUMENT 69463310
ACTION MARK 600 134 CONSIDERED_RELEVANT 69463310
ACTION SNIPPET 600 137 SNIPPET_NOT_RELEVANT 160473328
ACTION SNIPPET 600 140 SNIPPET_NOT_RELEVANT 142722047
ACTION SNIPPET 600 143 SNIPPET_NOT_RELEVANT 156650681
ACTION SNIPPET 600 146 SNIPPET_RELEVANT 78444295
ACTION DOC 600 166 EXAMINING_DOCUMENT 78444295
ACTION SNIPPET 600 169 SNIPPET_NOT_RELEVANT 36987133
ACTION SNIPPET 600 172 SNIPPET_NOT_RELEVANT 8181439
ACTION SNIPPET 600 175 SNIPPET_NOT_RELEVANT 3969422
ACTION SNIPPET 600 178 SNIPPET_NOT_RELEVANT 146413431
ACTION SNIPPET 600 181 SNIPPET_NOT_RELEVANT 145335418
ACTION SNIPPET 600 184 SNIPPET_NOT_RELEVANT 36970560
ACTION SNIPPET 600 187 SNIPPET_RELEVANT 85983361
ACTION DOC 600 207 EXAMINING_DOCUMENT 85983361
ACTION MARK 600 210 CONSIDERED_RELEVANT 85983361
ACTION QUERY 600 220 safety toxicologists assessing
ACTION SERP 600 225 EXAMINE_SERP
ACTION SNIPPET 600 228 SNIPPET_NOT_RELEVANT 151266688
ACTION SNIPPET 600 231 SNIPPET_RELEVANT 63021726
ACTION DOC 600 251 EXAMINING_DOCUMENT 63021726
ACTION SNIPPET 600 254 SNIPPET_RELEVANT 36810921
ACTION DOC 600 274 EXAMINING_DOCUMENT 36810921
ACTION MARK 600 277 CONSIDERED_RELEVANT 36810921
ACTION SNIPPET 600 280 SEEN_PREVIOUSLY 77260443
ACTION SNIPPET 600 283 SNIPPET_RELEVANT 127955421
ACTION DOC 600 303 EXAMINING_DOCUMENT 127955421
ACTION SNIPPET 600 306 SEEN_PREVIOUSLY 160064768
ACTION SNIPPET 600 309 SNIPPET_NOT_RELEVANT 156648262
ACTION SNIPPET 600 312 SNIPPET_NOT_RELEVANT 133477531
ACTION SNIPPET 600 315 SNIPPET_NOT_RELEVANT 155752185
ACTION SNIPPET 600 318 SNIPPET_RELEVANT 56754086
ACTION DOC 600 338 EXAMINING_DOCUMENT 56754086
ACTION SNIPPET 600 341 SNIPPET_NOT_RELEVANT 63174276
ACTION SNIPPET 600 344 SNIPPET_NOT_RELEVANT 157736909
ACTION SNIPPET 600 347 SNIPPET_NOT_RELEVANT 16147396
ACTION SNIPPET 600 350 SNIPPET_RELEVANT 129554426
ACTION DOC 600 370 EXAMINING_DOCUMENT 129554426
ACTION SNIPPET 600 373 SNIPPET_NOT_RELEVANT 150386832
ACTION SNIPPET 600 376 SNIPPET_NOT_RELEVANT 68436641
ACTION SNIPPET 600 379 SNIPPET_NOT_RELEVANT 19158182
ACTION SNIPPET 600 382 SNIPPET_NOT_RELEVANT 141429970
ACTION SNIPPET 600 385 SNIPPET_RELEVANT 10963452
ACTION DOC 600 405 EXAMINING_DOCUMENT 10963452
ACTION MARK 600 408 CONSIDERED_RELEVANT 10963452
ACTION SNIPPET 600 411 SNIPPET_NOT_RELEVANT 12263821
ACTION SNIPPET 600 414 SNIPPET_NOT_RELEVANT 152447506
ACTION SNIPPET 600 417 SNIPPET_NOT_RELEVANT 150432641
ACTION SNIPPET 600 420 SNIPPET_RELEVANT 70270144
ACTION DOC 600 440 EXAMINING_DOCUMENT 70270144
ACTION QUERY 600 450 safety toxicologists mitigating
ACTION SERP 600 455 EXAMINE_SERP
ACTION SNIPPET 600 458 SNIPPET_NOT_RELEVANT 151266688
ACTION SNIPPET 600 461 SEEN_PREVIOUSLY 63021726
ACTION SNIPPET 600 464 SNIPPET_NOT_RELEVANT 58387159
ACTION SNIPPET 600 467 SNIPPET_RELEVANT 84317421
ACTION DOC 600 487 EXAMINING_DOCUMENT 84317421
ACTION SNIPPET 600 490 SEEN_PREVIOUSLY 36810921
ACTION SNIPPET 600 493 SNIPPET_NOT_RELEVANT 36957232
ACTION SNIPPET 600 496 SNIPPET_RELEVANT 153920065
ACTION DOC 600 516 EXAMINING_DOCUMENT 153920065
ACTION SNIPPET 600 519 SNIPPET_NOT_RELEVANT 39968400
ACTION SNIPPET 600 522 SNIPPET_NOT_RELEVANT 153487230
ACTION SNIPPET 600 525 SEEN_PREVIOUSLY 77260443
ACTION SNIPPET 600 528 SEEN_PREVIOUSLY 127955421
ACTION SNIPPET 600 531 SNIPPET_NOT_RELEVANT 154432454
ACTION SNIPPET 600 534 SEEN_PREVIOUSLY 160064768
ACTION SNIPPET 600 537 SNIPPET_RELEVANT 34148759
ACTION DOC 600 557 EXAMINING_DOCUMENT 34148759
ACTION MARK 600 560 CONSIDERED_RELEVANT 34148759
ACTION SNIPPET 600 563 SNIPPET_RELEVANT 160412017
ACTION DOC 600 583 EXAMINING_DOCUMENT 160412017
ACTION SNIPPET 600 586 SNIPPET_NOT_RELEVANT 155467002
ACTION SNIPPET 600 589 SNIPPET_NOT_RELEVANT 78477274
ACTION SNIPPET 600 592 SNIPPET_NOT_RELEVANT 44602851
ACTION SNIPPET 600 595 SNIPPET_NOT_RELEVANT 24022945
ACTION SNIPPET 600 598 SNIPPET_NOT_RELEVANT 33532768
ACTION SNIPPET 600 601 SNIPPET_RELEVANT 42661140
INFO SUMMARY 
INFO TOTAL_QUERIES_ISSUED 3
INFO TOTAL_SNIPPETS_EXAMINED 67
INFO TOTAL_DOCUMENTS_EXAMINED 17
INFO TOTAL_DOCUMENTS_MARKED_RELEVANT 5
INFO TOTAL_ATTRACTIVE_SERP_IMPRESSIONS 3
INFO TOTAL_UNATTRACTIVE_SERP_IMPRESSIONS 0
