ACTION START 600 0 START
ACTION QUERY 600 10 role of toxicologists in collaboration with safety engineers
ACTION SERP 600 15 EXAMINE_SERP
ACTION SNIPPET 600 18 SNIPPET_NOT_RELEVANT 151266688
ACTION SNIPPET 600 21 SNIPPET_NOT_RELEVANT 8130353
ACTION SNIPPET 600 24 SNIPPET_NOT_RELEVANT 69261718
ACTION SNIPPET 600 27 SNIPPET_RELEVANT 63204180
ACTION DOC 600 47 EXAMINING_DOCUMENT 63204180
ACTION SNIPPET 600 50 SNIPPET_NOT_RELEVANT 39947276
ACTION SNIPPET 600 53 SNIPPET_RELEVANT 136058372
ACTION DOC 600 73 EXAMINING_DOCUMENT 136058372
ACTION SNIPPET 600 76 SNIPPET_NOT_RELEVANT 153137818
ACTION SNIPPET 600 79 SNIPPET_RELEVANT 63021726
ACTION DOC 600 99 EXAMINING_DOCUMENT 63021726
ACTION SNIPPET 600 102 SNIPPET_NOT_RELEVANT 144519055
ACTION SNIPPET 600 105 SNIPPET_NOT_RELEVANT 4241220
ACTION SNIPPET 600 108 SNIPPET_NOT_RELEVANT 128801731
ACTION SNIPPET 600 111 SNIPPET_RELEVANT 156926394
ACTION DOC 600 131 EXAMINING_DOCUMENT 156926394
ACTION MARK 600 134 CONSIDERED_RELEVANT 156926394
ACTION SNIPPET 600 137 SNIPPET_NOT_RELEVANT 36985027
ACTION SNIPPET 600 140 SNIPPET_NOT_RELEVANT 19224355
ACTION SNIPPET 600 143 SNIPPET_NOT_RELEVANT 25314636
ACTION SNIPPET 600 146 SNIPPET_RELEVANT 78819811
ACTION DOC 600 166 EXAMINING_DOCUMENT 78819811
ACTION SNIPPET 600 169 SNIPPET_NOT_RELEVANT 125908924
ACTION SNIPPET 600 172 SNIPPET_NOT_RELEVANT 1107018
ACTION SNIPPET 600 175 SNIPPET_NOT_RELEVANT 9621875
ACTION SNIPPET 600 178 SNIPPET_NOT_RELEVANT 157325184
ACTION SNIPPET 600 181 SNIPPET_NOT_RELEVANT 8807842
ACTION SNIPPET 600 184 SNIPPET_NOT_RELEVANT 17210462
ACTION SNIPPET 600 187 SNIPPET_RELEVANT 4244030
ACTION DOC 600 207 EXAMINING_DOCUMENT 4244030
ACTION MARK 600 210 CONSIDERED_RELEVANT 4244030
ACTION QUERY 600 220 role of toxicologists and safety engineers in understanding chemical hazards
ACTION SERP 600 225 EXAMINE_SERP
ACTION SNIPPET 600 228 SNIPPET_NOT_RELEVANT 144608201
ACTION SNIPPET 600 231 SNIPPET_RELEVANT 155752185
ACTION DOC 600 251 EXAMINING_DOCUMENT 155752185
ACTION SNIPPET 600 254 SNIPPET_RELEVANT 36969769
ACTION DOC 600 274 EXAMINING_DOCUMENT 36969769
ACTION MARK 600 277 CONSIDERED_RELEVANT 36969769
ACTION SNIPPET 600 280 SNIPPET_RELEVANT 59185614
ACTION DOC 600 300 EXAMINING_DOCUMENT 59185614
ACTION SNIPPET 600 303 SEEN_PREVIOUSLY 78819811
ACTION SNIPPET 600 306 SNIPPET_NOT_RELEVANT 19216470
ACTION SNIPPET 600 309 SNIPPET_NOT_RELEVANT 8306065
ACTION SNIPPET 600 312 SNIPPET_NOT_RELEVANT 68744893
ACTION SNIPPET 600 315 SNIPPET_RELEVANT 4467094
ACTION DOC 600 335 EXAMINING_DOCUMENT 4467094
ACTION SNIPPET 600 338 SNIPPET_NOT_RELEVANT 158154948
ACTION SNIPPET 600 341 SNIPPET_NOT_RELEVANT 26264515
ACTION SNIPPET 600 344 SNIPPET_NOT_RELEVANT 145369394
ACTION SNIPPET 600 347 SNIPPET_RELEVANT 159936194
ACTION DOC 600 367 EXAMINING_DOCUMENT 159936194
ACTION SNIPPET 600 370 SNIPPET_NOT_RELEVANT 42506623
ACTION SNIPPET 600 373 SNIPPET_NOT_RELEVANT 148816865
ACTION SNIPPET 600 376 SNIPPET_NOT_RELEVANT 15264432
ACTION SNIPPET 600 379 SNIPPET_NOT_RELEVANT 151266688
ACTION SNIPPET 600 382 SNIPPET_RELEVANT 50188821
ACTION DOC 600 402 EXAMINING_DOCUMENT 50188821
ACTION MARK 600 405 CONSIDERED_RELEVANT 50188821
ACTION SNIPPET 600 408 SNIPPET_NOT_RELEVANT 60760883
ACTION SNIPPET 600 411 SNIPPET_NOT_RELEVANT 14173022
ACTION SNIPPET 600 414 SNIPPET_NOT_RELEVANT 24877464
ACTION SNIPPET 600 417 SNIPPET_RELEVANT 127955421
ACTION DOC 600 437 EXAMINING_DOCUMENT 127955421
INFO OUT_OF_QUERIES 
INFO SUMMARY 
INFO TOTAL_QUERIES_ISSUED 2
INFO TOTAL_SNIPPETS_EXAMINED 45
INFO TOTAL_DOCUMENTS_EXAMINED 13
INFO TOTAL_DOCUMENTS_MARKED_RELEVANT 4
INFO TOTAL_ATTRACTIVE_SERP_IMPRESSIONS 2
INFO TOTAL_UNATTRACTIVE_SERP_IMPRESSIONS 0
