ACTION START 600 0 START
ACTION QUERY 600 10 carpal tunnel instruments
ACTION SERP 600 15 EXAMINE_SERP
ACTION SNIPPET 600 18 SNIPPET_RELEVANT 3774654
ACTION DOC 600 38 EXAMINING_DOCUMENT 3774654
ACTION MARK 600 41 CONSIDERED_RELEVANT 3774654
ACTION SNIPPET 600 44 SNIPPET_RELEVANT 8834257
ACTION DOC 600 64 EXAMINING_DOCUMENT 8834257
ACTION MARK 600 67 CONSIDERED_RELEVANT 8834257
ACTION SNIPPET 600 70 SNIPPET_RELEVANT 3549508
ACTION DOC 600 90 EXAMINING_DOCUMENT 3549508
ACTION MARK 600 93 CONSIDERED_RELEVANT 3549508
ACTION SNIPPET 600 96 SNIPPET_RELEVANT 36666365
ACTION DOC 600 116 EXAMINING_DOCUMENT 36666365
ACTION MARK 600 119 CONSIDERED_RELEVANT 36666365
ACTION SNIPPET 600 122 SNIPPET_RELEVANT 46248301
ACTION DOC 600 142 EXAMINING_DOCUMENT 46248301
ACTION MARK 600 145 CONSIDERED_RELEVANT 46248301
ACTION SNIPPET 600 148 SNIPPET_RELEVANT 3576779
ACTION DOC 600 168 EXAMINING_DOCUMENT 3576779
ACTION MARK 600 171 CONSIDERED_RELEVANT 3576779
ACTION SNIPPET 600 174 SNIPPET_RELEVANT 157550837
ACTION DOC 600 194 EXAMINING_DOCUMENT 157550837
ACTION MARK 600 197 CONSIDERED_RELEVANT 157550837
ACTION SNIPPET 600 200 SNIPPET_RELEVANT 19956564
ACTION DOC 600 220 EXAMINING_DOCUMENT 19956564
ACTION MARK 600 223 CONSIDERED_RELEVANT 19956564
ACTION QUERY 600 233 carpal tunnel release
ACTION SERP 600 238 EXAMINE_SERP
ACTION SNIPPET 600 241 SEEN_PREVIOUSLY 8834257
ACTION SNIPPET 600 244 SEEN_PREVIOUSLY 3774654
ACTION SNIPPET 600 247 SNIPPET_RELEVANT 80472930
ACTION DOC 600 267 EXAMINING_DOCUMENT 80472930
ACTION MARK 600 270 CONSIDERED_RELEVANT 80472930
ACTION SNIPPET 600 273 SNIPPET_RELEVANT 129401642
ACTION DOC 600 293 EXAMINING_DOCUMENT 129401642
ACTION MARK 600 296 CONSIDERED_RELEVANT 129401642
ACTION SNIPPET 600 299 SNIPPET_RELEVANT 3734536
ACTION DOC 600 319 EXAMINING_DOCUMENT 3734536
ACTION MARK 600 322 CONSIDERED_RELEVANT 3734536
ACTION SNIPPET 600 325 SNIPPET_RELEVANT 15077150
ACTION DOC 600 345 EXAMINING_DOCUMENT 15077150
ACTION MARK 600 348 CONSIDERED_RELEVANT 15077150
ACTION SNIPPET 600 351 SNIPPET_RELEVANT 160104465
ACTION DOC 600 371 EXAMINING_DOCUMENT 160104465
ACTION MARK 600 374 CONSIDERED_RELEVANT 160104465
ACTION SNIPPET 600 377 SEEN_PREVIOUSLY 3549508
ACTION SNIPPET 600 380 SEEN_PREVIOUSLY 36666365
ACTION SNIPPET 600 383 SEEN_PREVIOUSLY 46248301
ACTION SNIPPET 600 386 SEEN_PREVIOUSLY 3576779
ACTION SNIPPET 600 389 SEEN_PREVIOUSLY 157550837
ACTION SNIPPET 600 392 SEEN_PREVIOUSLY 19956564
ACTION SNIPPET 600 395 SNIPPET_RELEVANT 132530807
ACTION DOC 600 415 EXAMINING_DOCUMENT 132530807
ACTION MARK 600 418 CONSIDERED_RELEVANT 132530807
ACTION SNIPPET 600 421 SNIPPET_RELEVANT 3778769
ACTION DOC 600 441 EXAMINING_DOCUMENT 3778769
ACTION MARK 600 444 CONSIDERED_RELEVANT 3778769
ACTION QUERY 600 454 carpal tunnel cost
ACTION SERP 600 459 EXAMINE_SERP
ACTION SNIPPET 600 462 SEEN_PREVIOUSLY 3774654
ACTION SNIPPET 600 465 SNIPPET_RELEVANT 40512029
ACTION DOC 600 485 EXAMINING_DOCUMENT 40512029
ACTION MARK 600 488 CONSIDERED_RELEVANT 40512029
ACTION SNIPPET 600 491 SEEN_PREVIOUSLY 8834257
ACTION SNIPPET 600 494 SEEN_PREVIOUSLY 3549508
ACTION SNIPPET 600 497 SEEN_PREVIOUSLY 36666365
ACTION SNIPPET 600 500 SEEN_PREVIOUSLY 46248301
ACTION SNIPPET 600 503 SEEN_PREVIOUSLY 3576779
ACTION SNIPPET 600 506 SEEN_PREVIOUSLY 157550837
ACTION SNIPPET 600 509 SEEN_PREVIOUSLY 19956564
ACTION SNIPPET 600 512 SEEN_PREVIOUSLY 132530807
ACTION SNIPPET 600 515 SEEN_PREVIOUSLY 3778769
ACTION SNIPPET 600 518 SEEN_PREVIOUSLY 129401642
ACTION SNIPPET 600 521 SEEN_PREVIOUSLY 3734536
ACTION SNIPPET 600 524 SEEN_PREVIOUSLY 80472930
ACTION SNIPPET 600 527 SNIPPET_NOT_RELEVANT 40371195
ACTION SNIPPET 600 530 SNIPPET_NOT_RELEVANT 135704830
ACTION SNIPPET 600 533 SEEN_PREVIOUSLY 15077150
ACTION SNIPPET 600 536 SNIPPET_NOT_RELEVANT 8695107
ACTION SNIPPET 600 539 SNIPPET_NOT_RELEVANT 26557780
ACTION SNIPPET 600 542 SNIPPET_NOT_RELEVANT 157299714
ACTION SNIPPET 600 545 SNIPPET_NOT_RELEVANT 48094946
ACTION SNIPPET 600 548 SNIPPET_RELEVANT 156684734
ACTION DOC 600 568 EXAMINING_DOCUMENT 156684734
ACTION SNIPPET 600 571 SNIPPET_NOT_RELEVANT 131219347
ACTION SNIPPET 600 574 SNIPPET_RELEVANT 122760577
ACTION DOC 600 594 EXAMINING_DOCUMENT 122760577
ACTION SNIPPET 600 597 SNIPPET_RELEVANT 126272087
ACTION DOC 600 617 EXAMINING_DOCUMENT 126272087
INFO SUMMARY 
INFO TOTAL_QUERIES_ISSUED 3
INFO TOTAL_SNIPPETS_EXAMINED 48
INFO TOTAL_DOCUMENTS_EXAMINED 19
INFO TOTAL_DOCUMENTS_MARKED_RELEVANT 16
INFO TOTAL_ATTRACTIVE_SERP_IMPRESSIONS 3
INFO TOTAL_UNATTRACTIVE_SERP_IMPRESSIONS 0
