ACTION START 600 0 START
ACTION QUERY 600 10 nursing schizophrenia care
ACTION SERP 600 15 EXAMINE_SERP
ACTION SNIPPET 600 18 SNIPPET_RELEVANT 25030365
ACTION DOC 600 38 EXAMINING_DOCUMENT 25030365
ACTION MARK 600 41 CONSIDERED_RELEVANT 25030365
ACTION SNIPPET 600 44 SNIPPET_RELEVANT 155485956
ACTION DOC 600 64 EXAMINING_DOCUMENT 155485956
ACTION MARK 600 67 CONSIDERED_RELEVANT 155485956
ACTION SNIPPET 600 70 SNIPPET_RELEVANT 152697042
ACTION DOC 600 90 EXAMINING_DOCUMENT 152697042
ACTION MARK 600 93 CONSIDERED_RELEVANT 152697042
ACTION SNIPPET 600 96 SNIPPET_RELEVANT 150617141
ACTION DOC 600 116 EXAMINING_DOCUMENT 150617141
ACTION MARK 600 119 CONSIDERED_RELEVANT 150617141
ACTION SNIPPET 600 122 SNIPPET_RELEVANT 63570133
ACTION DOC 600 142 EXAMINING_DOCUMENT 63570133
ACTION MARK 600 145 CONSIDERED_RELEVANT 63570133
ACTION SNIPPET 600 148 SNIPPET_RELEVANT 144537226
ACTION DOC 600 168 EXAMINING_DOCUMENT 144537226
ACTION MARK 600 171 CONSIDERED_RELEVANT 144537226
ACTION SNIPPET 600 174 SNIPPET_NOT_RELEVANT 74710047
ACTION SNIPPET 600 177 SNIPPET_RELEVANT 68657160
ACTION DOC 600 197 EXAMINING_DOCUMENT 68657160
ACTION SNIPPET 600 200 SNIPPET_NOT_RELEVANT 123055427
ACTION SNIPPET 600 203 SNIPPET_NOT_RELEVANT 76040297
ACTION SNIPPET 600 206 SNIPPET_RELEVANT 537293
ACTION DOC 600 226 EXAMINING_DOCUMENT 537293
ACTION MARK 600 229 CONSIDERED_RELEVANT 537293
ACTION QUERY 600 239 nursing schizophrenia spectrum
ACTION SERP 600 244 EXAMINE_SERP
ACTION SNIPPET 600 247 SNIPPET_RELEVANT 125989510
ACTION DOC 600 267 EXAMINING_DOCUMENT 125989510
ACTION SNIPPET 600 270 SNIPPET_NOT_RELEVANT 76040297
ACTION SNIPPET 600 273 SEEN_PREVIOUSLY 155485956
ACTION SNIPPET 600 276 SEEN_PREVIOUSLY 537293
ACTION SNIPPET 600 279 SEEN_PREVIOUSLY 25030365
ACTION SNIPPET 600 282 SNIPPET_NOT_RELEVANT 10099530
ACTION SNIPPET 600 285 SEEN_PREVIOUSLY 152697042
ACTION SNIPPET 600 288 SNIPPET_RELEVANT 128157851
ACTION DOC 600 308 EXAMINING_DOCUMENT 128157851
ACTION MARK 600 311 CONSIDERED_RELEVANT 128157851
ACTION SNIPPET 600 314 SNIPPET_RELEVANT 18855896
ACTION DOC 600 334 EXAMINING_DOCUMENT 18855896
ACTION SNIPPET 600 337 SNIPPET_NOT_RELEVANT 9220439
ACTION SNIPPET 600 340 SEEN_PREVIOUSLY 68657160
ACTION SNIPPET 600 343 SNIPPET_NOT_RELEVANT 2807005
ACTION SNIPPET 600 346 SNIPPET_NOT_RELEVANT 39553766
ACTION SNIPPET 600 349 SNIPPET_NOT_RELEVANT 155485949
ACTION SNIPPET 600 352 SNIPPET_NOT_RELEVANT 10719668
ACTION SNIPPET 600 355 SNIPPET_NOT_RELEVANT 160814276
ACTION SNIPPET 600 358 SNIPPET_RELEVANT 3952364
ACTION DOC 600 378 EXAMINING_DOCUMENT 3952364
ACTION MARK 600 381 CONSIDERED_RELEVANT 3952364
ACTION SNIPPET 600 384 SEEN_PREVIOUSLY 63570133
ACTION SNIPPET 600 387 SNIPPET_NOT_RELEVANT 160683229
ACTION SNIPPET 600 390 SNIPPET_RELEVANT 29839353
ACTION DOC 600 410 EXAMINING_DOCUMENT 29839353
ACTION SNIPPET 600 413 SNIPPET_RELEVANT 150349320
ACTION DOC 600 433 EXAMINING_DOCUMENT 150349320
ACTION SNIPPET 600 436 SNIPPET_RELEVANT 12265362
ACTION DOC 600 456 EXAMINING_DOCUMENT 12265362
ACTION QUERY 600 466 nursing schizophrenia psychotic
ACTION SERP 600 471 EXAMINE_SERP
ACTION SNIPPET 600 474 SNIPPET_NOT_RELEVANT 160683229
ACTION SNIPPET 600 477 SNIPPET_NOT_RELEVANT 10719668
ACTION SNIPPET 600 480 SNIPPET_NOT_RELEVANT 10099530
ACTION SNIPPET 600 483 SNIPPET_RELEVANT 138412612
ACTION DOC 600 503 EXAMINING_DOCUMENT 138412612
ACTION MARK 600 506 CONSIDERED_RELEVANT 138412612
ACTION SNIPPET 600 509 SNIPPET_NOT_RELEVANT 7497373
ACTION SNIPPET 600 512 SNIPPET_NOT_RELEVANT 1602646
ACTION SNIPPET 600 515 SNIPPET_NOT_RELEVANT 46355683
ACTION SNIPPET 600 518 SNIPPET_RELEVANT 40411606
ACTION DOC 600 538 EXAMINING_DOCUMENT 40411606
ACTION SNIPPET 600 541 SNIPPET_RELEVANT 5675200
ACTION DOC 600 561 EXAMINING_DOCUMENT 5675200
ACTION SNIPPET 600 564 SNIPPET_NOT_RELEVANT 138391809
ACTION SNIPPET 600 567 SNIPPET_NOT_RELEVANT 407664
ACTION SNIPPET 600 570 SNIPPET_NOT_RELEVANT 30783104
ACTION SNIPPET 600 573 SNIPPET_RELEVANT 5852263
ACTION DOC 600 593 EXAMINING_DOCUMENT 5852263
ACTION SNIPPET 600 596 SNIPPET_NOT_RELEVANT 40411703
ACTION SNIPPET 600 599 SNIPPET_NOT_RELEVANT 24700118
ACTION SNIPPET 600 602 SNIPPET_NOT_RELEVANT 139961106
INFO SUMMARY 
INFO TOTAL_QUERIES_ISSUED 3
INFO TOTAL_SNIPPETS_EXAMINED 49
INFO TOTAL_DOCUMENTS_EXAMINED 19
INFO TOTAL_DOCUMENTS_MARKED_RELEVANT 10
INFO TOTAL_ATTRACTIVE_SERP_IMPRESSIONS 3
INFO TOTAL_UNATTRACTIVE_SERP_IMPRESSIONS 0
