ACTION START 600 0 START
ACTION QUERY 600 10 Schizophrenia spectrum and psychotic disorders nursing diverse population needs
ACTION SERP 600 15 EXAMINE_SERP
ACTION SNIPPET 600 18 SNIPPET_NOT_RELEVANT 160683229
ACTION SNIPPET 600 21 SNIPPET_NOT_RELEVANT 10099530
ACTION SNIPPET 600 24 SNIPPET_NOT_RELEVANT 10719668
ACTION SNIPPET 600 27 SNIPPET_RELEVANT 54964891
ACTION DOC 600 47 EXAMINING_DOCUMENT 54964891
ACTION SNIPPET 600 50 SNIPPET_NOT_RELEVANT 7497373
ACTION SNIPPET 600 53 SNIPPET_RELEVANT 30783104
ACTION DOC 600 73 EXAMINING_DOCUMENT 30783104
ACTION MARK 600 76 CONSIDERED_RELEVANT 30783104
ACTION SNIPPET 600 79 SNIPPET_NOT_RELEVANT 67770092
ACTION SNIPPET 600 82 SNIPPET_RELEVANT 160034052
ACTION DOC 600 102 EXAMINING_DOCUMENT 160034052
ACTION SNIPPET 600 105 SNIPPET_NOT_RELEVANT 48002003
ACTION SNIPPET 600 108 SNIPPET_NOT_RELEVANT 40411606
ACTION SNIPPET 600 111 SNIPPET_NOT_RELEVANT 128083572
ACTION SNIPPET 600 114 SNIPPET_RELEVANT 130927627
ACTION DOC 600 134 EXAMINING_DOCUMENT 130927627
ACTION MARK 600 137 CONSIDERED_RELEVANT 130927627
ACTION SNIPPET 600 140 SNIPPET_NOT_RELEVANT 40411703
ACTION SNIPPET 600 143 SNIPPET_NOT_RELEVANT 138306416
ACTION SNIPPET 600 146 SNIPPET_NOT_RELEVANT 39553766
ACTION SNIPPET 600 149 SNIPPET_RELEVANT 9890857
ACTION DOC 600 169 EXAMINING_DOCUMENT 9890857
ACTION SNIPPET 600 172 SNIPPET_NOT_RELEVANT 2807005
ACTION SNIPPET 600 175 SNIPPET_NOT_RELEVANT 155485956
ACTION SNIPPET 600 178 SNIPPET_NOT_RELEVANT 63831832
ACTION SNIPPET 600 181 SNIPPET_NOT_RELEVANT 59618159
ACTION SNIPPET 600 184 SNIPPET_NOT_RELEVANT 141094480
ACTION SNIPPET 600 187 SNIPPET_NOT_RELEVANT 14380156
ACTION SNIPPET 600 190 SNIPPET_RELEVANT 126630820
ACTION DOC 600 210 EXAMINING_DOCUMENT 126630820
ACTION MARK 600 213 CONSIDERED_RELEVANT 126630820
ACTION QUERY 600 223 improving mental health services for schizophrenia spectrum and other psychotic disorders in nursing
ACTION SERP 600 228 EXAMINE_SERP
ACTION SNIPPET 600 231 SNIPPET_NOT_RELEVANT 10099530
ACTION SNIPPET 600 234 SNIPPET_RELEVANT 67770092
ACTION DOC 600 254 EXAMINING_DOCUMENT 67770092
ACTION SNIPPET 600 257 SNIPPET_RELEVANT 10719668
ACTION DOC 600 277 EXAMINING_DOCUMENT 10719668
ACTION MARK 600 280 CONSIDERED_RELEVANT 10719668
ACTION SNIPPET 600 283 SNIPPET_RELEVANT 160683229
ACTION DOC 600 303 EXAMINING_DOCUMENT 160683229
ACTION SNIPPET 600 306 SEEN_PREVIOUSLY 160034052
ACTION SNIPPET 600 309 SNIPPET_NOT_RELEVANT 68657160
ACTION SNIPPET 600 312 SNIPPET_RELEVANT 59148439
ACTION DOC 600 332 EXAMINING_DOCUMENT 59148439
ACTION MARK 600 335 CONSIDERED_RELEVANT 59148439
ACTION SNIPPET 600 338 SNIPPET_NOT_RELEVANT 59149804
ACTION SNIPPET 600 341 SNIPPET_RELEVANT 61030534
ACTION DOC 600 361 EXAMINING_DOCUMENT 61030534
ACTION MARK 600 364 CONSIDERED_RELEVANT 61030534
ACTION SNIPPET 600 367 SNIPPET_NOT_RELEVANT 155485956
ACTION SNIPPET 600 370 SNIPPET_NOT_RELEVANT 14063429
ACTION SNIPPET 600 373 SNIPPET_NOT_RELEVANT 154514706
ACTION SNIPPET 600 376 SNIPPET_RELEVANT 7497373
ACTION DOC 600 396 EXAMINING_DOCUMENT 7497373
ACTION MARK 600 399 CONSIDERED_RELEVANT 7497373
ACTION SNIPPET 600 402 SNIPPET_NOT_RELEVANT 136030075
ACTION SNIPPET 600 405 SNIPPET_NOT_RELEVANT 40411703
ACTION SNIPPET 600 408 SNIPPET_NOT_RELEVANT 18855896
ACTION SNIPPET 600 411 SNIPPET_NOT_RELEVANT 30329771
ACTION SNIPPET 600 414 SNIPPET_RELEVANT 148089148
ACTION DOC 600 434 EXAMINING_DOCUMENT 148089148
ACTION QUERY 600 444 impact of burnout on nursing staff managing schizophrenia spectrum and psychotic disorders
ACTION SERP 600 449 EXAMINE_SERP
ACTION SNIPPET 600 452 SNIPPET_NOT_RELEVANT 10099530
ACTION SNIPPET 600 455 SEEN_PREVIOUSLY 10719668
ACTION SNIPPET 600 458 SEEN_PREVIOUSLY 160683229
ACTION SNIPPET 600 461 SNIPPET_RELEVANT 148547488
ACTION DOC 600 481 EXAMINING_DOCUMENT 148547488
ACTION MARK 600 484 CONSIDERED_RELEVANT 148547488
ACTION SNIPPET 600 487 SEEN_PREVIOUSLY 7497373
ACTION SNIPPET 600 490 SNIPPET_NOT_RELEVANT 48002003
ACTION SNIPPET 600 493 SEEN_PREVIOUSLY 67770092
ACTION SNIPPET 600 496 SNIPPET_RELEVANT 8192347
ACTION DOC 600 516 EXAMINING_DOCUMENT 8192347
ACTION SNIPPET 600 519 SNIPPET_NOT_RELEVANT 40411606
ACTION SNIPPET 600 522 SNIPPET_NOT_RELEVANT 154324541
ACTION SNIPPET 600 525 SEEN_PREVIOUSLY 54964891
ACTION SNIPPET 600 528 SEEN_PREVIOUSLY 30783104
ACTION SNIPPET 600 531 SNIPPET_RELEVANT 125685740
ACTION DOC 600 551 EXAMINING_DOCUMENT 125685740
ACTION MARK 600 554 CONSIDERED_RELEVANT 125685740
ACTION SNIPPET 600 557 SNIPPET_NOT_RELEVANT 128083572
ACTION SNIPPET 600 560 SNIPPET_RELEVANT 135237007
ACTION DOC 600 580 EXAMINING_DOCUMENT 135237007
ACTION SNIPPET 600 583 SEEN_PREVIOUSLY 160034052
ACTION SNIPPET 600 586 SNIPPET_NOT_RELEVANT 141094480
ACTION SNIPPET 600 589 SEEN_PREVIOUSLY 130927627
ACTION SNIPPET 600 592 SNIPPET_NOT_RELEVANT 161207267
ACTION SNIPPET 600 595 SNIPPET_RELEVANT 59149804
ACTION DOC 600 615 EXAMINING_DOCUMENT 59149804
INFO SUMMARY 
INFO TOTAL_QUERIES_ISSUED 3
INFO TOTAL_SNIPPETS_EXAMINED 61
INFO TOTAL_DOCUMENTS_EXAMINED 18
INFO TOTAL_DOCUMENTS_MARKED_RELEVANT 9
INFO TOTAL_ATTRACTIVE_SERP_IMPRESSIONS 3
INFO TOTAL_UNATTRACTIVE_SERP_IMPRESSIONS 0
