ACTION START 600 0 START
ACTION QUERY 600 10 Endoscopic carpal tunnel release surgery surgical instruments used
ACTION SERP 600 15 EXAMINE_SERP
ACTION SNIPPET 600 18 SNIPPET_RELEVANT 160104465
ACTION DOC 600 38 EXAMINING_DOCUMENT 160104465
ACTION MARK 600 41 CONSIDERED_RELEVANT 160104465
ACTION SNIPPET 600 44 SNIPPET_RELEVANT 3734536
ACTION DOC 600 64 EXAMINING_DOCUMENT 3734536
ACTION MARK 600 67 CONSIDERED_RELEVANT 3734536
ACTION SNIPPET 600 70 SNIPPET_RELEVANT 129401642
ACTION DOC 600 90 EXAMINING_DOCUMENT 129401642
ACTION MARK 600 93 CONSIDERED_RELEVANT 129401642
ACTION SNIPPET 600 96 SNIPPET_RELEVANT 131219347
ACTION DOC 600 116 EXAMINING_DOCUMENT 131219347
ACTION MARK 600 119 CONSIDERED_RELEVANT 131219347
ACTION SNIPPET 600 122 SNIPPET_NOT_RELEVANT 122760577
ACTION SNIPPET 600 125 SNIPPET_RELEVANT 126272087
ACTION DOC 600 145 EXAMINING_DOCUMENT 126272087
ACTION SNIPPET 600 148 SNIPPET_NOT_RELEVANT 3612855
ACTION SNIPPET 600 151 SNIPPET_RELEVANT 15077150
ACTION DOC 600 171 EXAMINING_DOCUMENT 15077150
ACTION MARK 600 174 CONSIDERED_RELEVANT 15077150
ACTION SNIPPET 600 177 SNIPPET_RELEVANT 8834257
ACTION DOC 600 197 EXAMINING_DOCUMENT 8834257
ACTION MARK 600 200 CONSIDERED_RELEVANT 8834257
ACTION SNIPPET 600 203 SNIPPET_RELEVANT 132530807
ACTION DOC 600 223 EXAMINING_DOCUMENT 132530807
ACTION MARK 600 226 CONSIDERED_RELEVANT 132530807
ACTION QUERY 600 236 Cost-effectiveness of endoscopic carpal tunnel release surgery
ACTION SERP 600 241 EXAMINE_SERP
ACTION SNIPPET 600 244 SEEN_PREVIOUSLY 160104465
ACTION SNIPPET 600 247 SEEN_PREVIOUSLY 15077150
ACTION SNIPPET 600 250 SEEN_PREVIOUSLY 8834257
ACTION SNIPPET 600 253 SNIPPET_RELEVANT 3774654
ACTION DOC 600 273 EXAMINING_DOCUMENT 3774654
ACTION MARK 600 276 CONSIDERED_RELEVANT 3774654
ACTION SNIPPET 600 279 SNIPPET_RELEVANT 80472930
ACTION DOC 600 299 EXAMINING_DOCUMENT 80472930
ACTION MARK 600 302 CONSIDERED_RELEVANT 80472930
ACTION SNIPPET 600 305 SEEN_PREVIOUSLY 131219347
ACTION SNIPPET 600 308 SNIPPET_NOT_RELEVANT 122760577
ACTION SNIPPET 600 311 SEEN_PREVIOUSLY 126272087
ACTION SNIPPET 600 314 SEEN_PREVIOUSLY 129401642
ACTION SNIPPET 600 317 SEEN_PREVIOUSLY 3734536
ACTION SNIPPET 600 320 SNIPPET_NOT_RELEVANT 3612855
ACTION SNIPPET 600 323 SNIPPET_RELEVANT 3549508
ACTION DOC 600 343 EXAMINING_DOCUMENT 3549508
ACTION MARK 600 346 CONSIDERED_RELEVANT 3549508
ACTION SNIPPET 600 349 SNIPPET_RELEVANT 36666365
ACTION DOC 600 369 EXAMINING_DOCUMENT 36666365
ACTION MARK 600 372 CONSIDERED_RELEVANT 36666365
ACTION SNIPPET 600 375 SNIPPET_RELEVANT 46248301
ACTION DOC 600 395 EXAMINING_DOCUMENT 46248301
ACTION MARK 600 398 CONSIDERED_RELEVANT 46248301
ACTION SNIPPET 600 401 SNIPPET_NOT_RELEVANT 3576779
ACTION SNIPPET 600 404 SNIPPET_NOT_RELEVANT 45066241
ACTION SNIPPET 600 407 SNIPPET_RELEVANT 157550837
ACTION DOC 600 427 EXAMINING_DOCUMENT 157550837
ACTION MARK 600 430 CONSIDERED_RELEVANT 157550837
ACTION SNIPPET 600 433 SNIPPET_RELEVANT 19956564
ACTION DOC 600 453 EXAMINING_DOCUMENT 19956564
ACTION MARK 600 456 CONSIDERED_RELEVANT 19956564
ACTION QUERY 600 466 Cost-effectiveness of endoscopic carpal tunnel release surgery
ACTION SERP 600 471 EXAMINE_SERP
ACTION SNIPPET 600 474 SEEN_PREVIOUSLY 160104465
ACTION SNIPPET 600 477 SEEN_PREVIOUSLY 15077150
ACTION SNIPPET 600 480 SEEN_PREVIOUSLY 8834257
ACTION SNIPPET 600 483 SEEN_PREVIOUSLY 3774654
ACTION SNIPPET 600 486 SEEN_PREVIOUSLY 80472930
ACTION SNIPPET 600 489 SEEN_PREVIOUSLY 131219347
ACTION SNIPPET 600 492 SNIPPET_NOT_RELEVANT 122760577
ACTION SNIPPET 600 495 SEEN_PREVIOUSLY 126272087
ACTION SNIPPET 600 498 SEEN_PREVIOUSLY 129401642
ACTION SNIPPET 600 501 SEEN_PREVIOUSLY 3734536
ACTION SNIPPET 600 504 SNIPPET_RELEVANT 3612855
ACTION DOC 600 524 EXAMINING_DOCUMENT 3612855
ACTION MARK 600 527 CONSIDERED_RELEVANT 3612855
ACTION SNIPPET 600 530 SEEN_PREVIOUSLY 3549508
ACTION SNIPPET 600 533 SEEN_PREVIOUSLY 36666365
ACTION SNIPPET 600 536 SEEN_PREVIOUSLY 46248301
ACTION SNIPPET 600 539 SNIPPET_RELEVANT 3576779
ACTION DOC 600 559 EXAMINING_DOCUMENT 3576779
ACTION MARK 600 562 CONSIDERED_RELEVANT 3576779
ACTION SNIPPET 600 565 SNIPPET_RELEVANT 45066241
ACTION DOC 600 585 EXAMINING_DOCUMENT 45066241
ACTION SNIPPET 600 588 SEEN_PREVIOUSLY 157550837
ACTION SNIPPET 600 591 SEEN_PREVIOUSLY 19956564
ACTION SNIPPET 600 594 SNIPPET_RELEVANT 146221061
ACTION DOC 600 614 EXAMINING_DOCUMENT 146221061
INFO SUMMARY 
INFO TOTAL_QUERIES_ISSUED 3
INFO TOTAL_SNIPPETS_EXAMINED 47
INFO TOTAL_DOCUMENTS_EXAMINED 19
INFO TOTAL_DOCUMENTS_MARKED_RELEVANT 16
INFO TOTAL_ATTRACTIVE_SERP_IMPRESSIONS 3
INFO TOTAL_UNATTRACTIVE_SERP_IMPRESSIONS 0
